{"numTotalTestSuites":46,"numPassedTestSuites":40,"numFailedTestSuites":6,"numPendingTestSuites":0,"numTotalTests":155,"numPassedTests":153,"numFailedTests":2,"numPendingTests":0,"numTodoTests":0,"snapshot":{"added":0,"failure":false,"filesAdded":0,"filesRemoved":0,"filesRemovedList":[],"filesUnmatched":0,"filesUpdated":0,"matched":0,"total":0,"unchecked":0,"uncheckedKeysByFile":[],"unmatched":0,"updated":0,"didUpdate":false},"startTime":1788646390321,"success":false,"testResults":[{"assertionResults":[{"ancestorTitles":["Main Module - Render Functions","Helper utilities"],"fullName":"Main Module - Render Functions Helper utilities computes hash from seed string correctly","status":"passed","title":"computes hash from seed string correctly","duration":3.1427669999999353,"failureMessages":[],"meta":{},"tags":[]},{"ancestorTitles":["Main Module - Render Functions","Helper utilities"],"fullName":"Main Module - Render Functions Helper utilities produces consistent hash for same seed","status":"passed","title":"produces consistent hash for same seed","duration":0.3261659999999438,"failureMessages":[],"meta":{},"tags":[]},{"ancestorTitles":["Main Module - Render Functions","Helper utilities"],"fullName":"Main Module - Render Functions Helper utilities generates valid UUID (replacement for crypto.randomUUID)","status":"passed","title":"generates valid UUID (replacement for crypto.randomUUID)","duration":0.7431229999999687,"failureMessages":[],"meta":{},"tags":[]},{"ancestorTitles":["Main Module - Render Functions","Status message generation"],"fullName":"Main Module - Render Functions Status message generation returns busy message when state.busy is true","status":"passed","title":"returns busy message when state.busy is true","duration":0.2928439999999455,"failureMessages":[],"meta":{},"tags":[]},{"ancestorTitles":["Main Module - Render Functions","Status message generation"],"fullName":"Main Module - Render Functions Status message generation returns error message when state.errorMessage is set","status":"passed","title":"returns error message when state.errorMessage is set","duration":0.19620899999995345,"failureMessages":[],"meta":{},"tags":[]},{"ancestorTitles":["Main Module - Render Functions","Status message generation"],"fullName":"Main Module - Render Functions Status message generation returns configuration prompt when no match exists","status":"passed","title":"returns configuration prompt when no match exists","duration":0.2561670000000049,"failureMessages":[],"meta":{},"tags":[]},{"ancestorTitles":["Main Module - Render Functions","Status message generation"],"fullName":"Main Module - Render Functions Status message generation returns opponent committing message when pendingStat is set","status":"passed","title":"returns opponent committing message when pendingStat is set","duration":0.23139100000003054,"failureMessages":[],"meta":{},"tags":[]},{"ancestorTitles":["Main Module - Render Functions","Status message generation"],"fullName":"Main Module - Render Functions Status message generation returns selecting prompt during match selection phase","status":"passed","title":"returns selecting prompt during match selection phase","duration":0.21797699999990527,"failureMessages":[],"meta":{},"tags":[]},{"ancestorTitles":["Main Module - Render Functions","Status message generation"],"fullName":"Main Module - Render Functions Status message generation returns win/loss/draw message when match is over","status":"passed","title":"returns win/loss/draw message when match is over","duration":0.27438099999994847,"failureMessages":[],"meta":{},"tags":[]},{"ancestorTitles":["Main Module - Render Functions","Fighter card generation"],"fullName":"Main Module - Render Functions Fighter card generation generates fighter card HTML with player label","status":"passed","title":"generates fighter card HTML with player label","duration":0.24902099999997063,"failureMessages":[],"meta":{},"tags":[]},{"ancestorTitles":["Main Module - Render Functions","Fighter card generation"],"fullName":"Main Module - Render Functions Fighter card generation includes stat values when result exists","status":"passed","title":"includes stat values when result exists","duration":0.20982899999989968,"failureMessages":[],"meta":{},"tags":[]},{"ancestorTitles":["Main Module - Render Functions","Fighter card generation"],"fullName":"Main Module - Render Functions Fighter card generation displays rarity classification","status":"passed","title":"displays rarity classification","duration":1.0709490000000415,"failureMessages":[],"meta":{},"tags":[]},{"ancestorTitles":["Main Module - Render Functions","Header context generation"],"fullName":"Main Module - Render Functions Header context generation generates full context when match is active","status":"passed","title":"generates full context when match is active","duration":0.21791099999995822,"failureMessages":[],"meta":{},"tags":[]},{"ancestorTitles":["Main Module - Render Functions","Header context generation"],"fullName":"Main Module - Render Functions Header context generation generates setup context when no match exists","status":"passed","title":"generates setup context when no match exists","duration":0.09857999999996991,"failureMessages":[],"meta":{},"tags":[]},{"ancestorTitles":["Main Module - State Orchestration Functions","Match initialization (start function logic)"],"fullName":"Main Module - State Orchestration Functions Match initialization (start function logic) sets target from parameter","status":"passed","title":"sets target from parameter","duration":0.11922700000002351,"failureMessages":[],"meta":{},"tags":[]},{"ancestorTitles":["Main Module - State Orchestration Functions","Match initialization (start function logic)"],"fullName":"Main Module - State Orchestration Functions Match initialization (start function logic) computes lengthIndex from target","status":"passed","title":"computes lengthIndex from target","duration":0.3337010000000191,"failureMessages":[],"meta":{},"tags":[]},{"ancestorTitles":["Main Module - State Orchestration Functions","Match initialization (start function logic)"],"fullName":"Main Module - State Orchestration Functions Match initialization (start function logic) uses provided seed or generates new UUID","status":"passed","title":"uses provided seed or generates new UUID","duration":0.4734439999999722,"failureMessages":[],"meta":{},"tags":[]},{"ancestorTitles":["Main Module - State Orchestration Functions","Match initialization (start function logic)"],"fullName":"Main Module - State Orchestration Functions Match initialization (start function logic) generates UUID when seed is empty","status":"passed","title":"generates UUID when seed is empty","duration":0.23419300000000476,"failureMessages":[],"meta":{},"tags":[]},{"ancestorTitles":["Main Module - State Orchestration Functions","Match initialization (start function logic)"],"fullName":"Main Module - State Orchestration Functions Match initialization (start function logic) clears game state on start","status":"passed","title":"clears game state on start","duration":1.0585310000000163,"failureMessages":[],"meta":{},"tags":[]},{"ancestorTitles":["Main Module - State Orchestration Functions","Match initialization (start function logic)"],"fullName":"Main Module - State Orchestration Functions Match initialization (start function logic) sets active weight for weight division with specific class","status":"passed","title":"sets active weight for weight division with specific class","duration":0.33196699999996326,"failureMessages":[],"meta":{},"tags":[]},{"ancestorTitles":["Main Module - State Orchestration Functions","Match initialization (start function logic)"],"fullName":"Main Module - State Orchestration Functions Match initialization (start function logic) selects random weight when weight is random","status":"passed","title":"selects random weight when weight is random","duration":0.43725400000005266,"failureMessages":[],"meta":{},"tags":[]},{"ancestorTitles":["Main Module - State Orchestration Functions","Draw error handling"],"fullName":"Main Module - State Orchestration Functions Draw error handling handles no compatible judoka error with fallback message","status":"passed","title":"handles no compatible judoka error with fallback message","duration":0.22492799999997715,"failureMessages":[],"meta":{},"tags":[]},{"ancestorTitles":["Main Module - State Orchestration Functions","Draw error handling"],"fullName":"Main Module - State Orchestration Functions Draw error handling handles generic network error","status":"passed","title":"handles generic network error","duration":0.1686809999999923,"failureMessages":[],"meta":{},"tags":[]},{"ancestorTitles":["Main Module - State Orchestration Functions","Draw error handling"],"fullName":"Main Module - State Orchestration Functions Draw error handling handles non-Error object throws","status":"passed","title":"handles non-Error object throws","duration":0.20621299999993425,"failureMessages":[],"meta":{},"tags":[]},{"ancestorTitles":["Main Module - State Orchestration Functions","Phase progression (next function logic)"],"fullName":"Main Module - State Orchestration Functions Phase progression (next function logic) determines opponent for classic mode (fresh draw)","status":"passed","title":"determines opponent for classic mode (fresh draw)","duration":0.11803099999997357,"failureMessages":[],"meta":{},"tags":[]},{"ancestorTitles":["Main Module - State Orchestration Functions","Phase progression (next function logic)"],"fullName":"Main Module - State Orchestration Functions Phase progression (next function logic) keeps player for champion mode","status":"passed","title":"keeps player for champion mode","duration":0.10769700000003013,"failureMessages":[],"meta":{},"tags":[]},{"ancestorTitles":["Main Module - State Orchestration Functions","Phase progression (next function logic)"],"fullName":"Main Module - State Orchestration Functions Phase progression (next function logic) needs new opponent buffer fill for champion mode when depleted","status":"passed","title":"needs new opponent buffer fill for champion mode when depleted","duration":0.1103650000000016,"failureMessages":[],"meta":{},"tags":[]},{"ancestorTitles":["Main Module - State Orchestration Functions","Phase progression (next function logic)"],"fullName":"Main Module - State Orchestration Functions Phase progression (next function logic) needs opponent buffer refill for classic mode when below 2","status":"passed","title":"needs opponent buffer refill for classic mode when below 2","duration":0.10943300000008094,"failureMessages":[],"meta":{},"tags":[]},{"ancestorTitles":["Main Module - State Orchestration Functions","Stat selection (choose function logic)"],"fullName":"Main Module - State Orchestration Functions Stat selection (choose function logic) updates target match length","status":"passed","title":"updates target match length","duration":0.0936140000000023,"failureMessages":[],"meta":{},"tags":[]},{"ancestorTitles":["Main Module - State Orchestration Functions","Stat selection (choose function logic)"],"fullName":"Main Module - State Orchestration Functions Stat selection (choose function logic) updates lengthIndex to match new length","status":"passed","title":"updates lengthIndex to match new length","duration":0.1236069999999927,"failureMessages":[],"meta":{},"tags":[]},{"ancestorTitles":["Main Module - State Orchestration Functions","Match resolution (resolve function logic)"],"fullName":"Main Module - State Orchestration Functions Match resolution (resolve function logic) validates state before processing resolution","status":"passed","title":"validates state before processing resolution","duration":0.180868999999916,"failureMessages":[],"meta":{},"tags":[]},{"ancestorTitles":["Main Module - State Orchestration Functions","Match resolution (resolve function logic)"],"fullName":"Main Module - State Orchestration Functions Match resolution (resolve function logic) rejects resolution when match is null","status":"failed","title":"rejects resolution when match is null","duration":6.151054000000045,"failureMessages":["AssertionError: expected null to be false // Object.is equality\n    at /workspaces/judokon-2600/src/main.test.ts:445:23\n    at file:///workspaces/judokon-2600/node_modules/@vitest/runner/dist/chunk-artifact.js:302:11\n    at file:///workspaces/judokon-2600/node_modules/@vitest/runner/dist/chunk-artifact.js:1903:26\n    at file:///workspaces/judokon-2600/node_modules/@vitest/runner/dist/chunk-artifact.js:2326:20\n    at new Promise (<anonymous>)\n    at runWithCancel (file:///workspaces/judokon-2600/node_modules/@vitest/runner/dist/chunk-artifact.js:2323:10)\n    at file:///workspaces/judokon-2600/node_modules/@vitest/runner/dist/chunk-artifact.js:2305:20\n    at new Promise (<anonymous>)\n    at runWithTimeout (file:///workspaces/judokon-2600/node_modules/@vitest/runner/dist/chunk-artifact.js:2272:10)\n    at file:///workspaces/judokon-2600/node_modules/@vitest/runner/dist/chunk-artifact.js:2956:64"],"meta":{},"tags":[]},{"ancestorTitles":["Main Module - State Orchestration Functions","Match resolution (resolve function logic)"],"fullName":"Main Module - State Orchestration Functions Match resolution (resolve function logic) rejects resolution when phase is not selecting","status":"passed","title":"rejects resolution when phase is not selecting","duration":0.38198800000009214,"failureMessages":[],"meta":{},"tags":[]},{"ancestorTitles":["Main Module - State Orchestration Functions","Match resolution (resolve function logic)"],"fullName":"Main Module - State Orchestration Functions Match resolution (resolve function logic) rejects resolution when already pending","status":"passed","title":"rejects resolution when already pending","duration":0.167995000000019,"failureMessages":[],"meta":{},"tags":[]},{"ancestorTitles":["Main Module - State Orchestration Functions","Match resolution (resolve function logic)"],"fullName":"Main Module - State Orchestration Functions Match resolution (resolve function logic) processes async resolution with setTimeout timing","status":"passed","title":"processes async resolution with setTimeout timing","duration":0.09622099999990041,"failureMessages":[],"meta":{},"tags":[]},{"ancestorTitles":["Main Module - State Orchestration Functions","Match resolution (resolve function logic)"],"fullName":"Main Module - State Orchestration Functions Match resolution (resolve function logic) records resolution in history","status":"passed","title":"records resolution in history","duration":0.2605239999999185,"failureMessages":[],"meta":{},"tags":[]},{"ancestorTitles":["Main Module - State Orchestration Functions","Replay seed copying"],"fullName":"Main Module - State Orchestration Functions Replay seed copying formats seed for clipboard","status":"passed","title":"formats seed for clipboard","duration":0.13112499999999727,"failureMessages":[],"meta":{},"tags":[]},{"ancestorTitles":["Main Module - State Orchestration Functions","Replay seed copying"],"fullName":"Main Module - State Orchestration Functions Replay seed copying handles clipboard API success","status":"passed","title":"handles clipboard API success","duration":0.22497699999996712,"failureMessages":[],"meta":{},"tags":[]},{"ancestorTitles":["Main Module - State Orchestration Functions","Replay seed copying"],"fullName":"Main Module - State Orchestration Functions Replay seed copying handles clipboard API failure","status":"passed","title":"handles clipboard API failure","duration":0.07282100000008995,"failureMessages":[],"meta":{},"tags":[]},{"ancestorTitles":["Main Module - Render Integration","Render function composition"],"fullName":"Main Module - Render Integration Render function composition creates header with status and shortcut hints","status":"passed","title":"creates header with status and shortcut hints","duration":0.06881299999997736,"failureMessages":[],"meta":{},"tags":[]},{"ancestorTitles":["Main Module - Render Integration","Render function composition"],"fullName":"Main Module - Render Integration Render function composition includes footer with keyboard shortcuts","status":"passed","title":"includes footer with keyboard shortcuts","duration":0.07177899999999227,"failureMessages":[],"meta":{},"tags":[]},{"ancestorTitles":["Main Module - Render Integration","Render function composition"],"fullName":"Main Module - Render Integration Render function composition renders intro screen when no match","status":"passed","title":"renders intro screen when no match","duration":0.04725199999995766,"failureMessages":[],"meta":{},"tags":[]},{"ancestorTitles":["Main Module - Render Integration","Render function composition"],"fullName":"Main Module - Render Integration Render function composition renders game screen when match active","status":"passed","title":"renders game screen when match active","duration":0.07254299999999603,"failureMessages":[],"meta":{},"tags":[]},{"ancestorTitles":["Main Module - Render Integration","Render function composition"],"fullName":"Main Module - Render Integration Render function composition composes scoreboard in game screen","status":"passed","title":"composes scoreboard in game screen","duration":0.11077999999997701,"failureMessages":[],"meta":{},"tags":[]},{"ancestorTitles":["Main Module - Render Integration","Render function composition"],"fullName":"Main Module - Render Integration Render function composition includes result panel when result exists","status":"passed","title":"includes result panel when result exists","duration":0.06557099999997718,"failureMessages":[],"meta":{},"tags":[]},{"ancestorTitles":["Main Module - Render Integration","Render function composition"],"fullName":"Main Module - Render Integration Render function composition includes scout report when no result yet","status":"passed","title":"includes scout report when no result yet","duration":0.04596600000002127,"failureMessages":[],"meta":{},"tags":[]},{"ancestorTitles":["Main Module - Render Integration","Render function composition"],"fullName":"Main Module - Render Integration Render function composition shows champion progress in champion mode","status":"passed","title":"shows champion progress in champion mode","duration":0.05101400000000922,"failureMessages":[],"meta":{},"tags":[]},{"ancestorTitles":["Main Module - Render Integration","Render function composition"],"fullName":"Main Module - Render Integration Render function composition hides champion progress in classic mode","status":"passed","title":"hides champion progress in classic mode","duration":0.04432699999995293,"failureMessages":[],"meta":{},"tags":[]},{"ancestorTitles":["Main Module - Render Integration","History strip rendering"],"fullName":"Main Module - Render Integration History strip rendering shows empty when no history","status":"passed","title":"shows empty when no history","duration":0.15981999999996788,"failureMessages":[],"meta":{},"tags":[]},{"ancestorTitles":["Main Module - Render Integration","History strip rendering"],"fullName":"Main Module - Render Integration History strip rendering displays all history entries","status":"passed","title":"displays all history entries","duration":0.3670439999999644,"failureMessages":[],"meta":{},"tags":[]},{"ancestorTitles":["Main Module - Render Integration","History strip rendering"],"fullName":"Main Module - Render Integration History strip rendering formats outcome labels correctly","status":"passed","title":"formats outcome labels correctly","duration":0.10177299999998013,"failureMessages":[],"meta":{},"tags":[]},{"ancestorTitles":["Main Module - Event Handler Integration"],"fullName":"Main Module - Event Handler Integration start handler receives correct parameters from button click","status":"passed","title":"start handler receives correct parameters from button click","duration":0.743088000000057,"failureMessages":[],"meta":{},"tags":[]},{"ancestorTitles":["Main Module - Event Handler Integration"],"fullName":"Main Module - Event Handler Integration next handler receives match parameter from click","status":"passed","title":"next handler receives match parameter from click","duration":0.602292000000034,"failureMessages":[],"meta":{},"tags":[]},{"ancestorTitles":["Main Module - Event Handler Integration"],"fullName":"Main Module - Event Handler Integration resolve handler receives stat key from keyboard or button","status":"passed","title":"resolve handler receives stat key from keyboard or button","duration":0.19706599999994978,"failureMessages":[],"meta":{},"tags":[]},{"ancestorTitles":["Main Module - Event Handler Integration"],"fullName":"Main Module - Event Handler Integration clearAndExit resets match state","status":"passed","title":"clearAndExit resets match state","duration":0.15400999999997111,"failureMessages":[],"meta":{},"tags":[]},{"ancestorTitles":["Main Module - Complex Integration Scenarios"],"fullName":"Main Module - Complex Integration Scenarios handles full match flow from start to resolution","status":"passed","title":"handles full match flow from start to resolution","duration":0.09391299999992953,"failureMessages":[],"meta":{},"tags":[]},{"ancestorTitles":["Main Module - Complex Integration Scenarios"],"fullName":"Main Module - Complex Integration Scenarios handles champion mode streak tracking","status":"passed","title":"handles champion mode streak tracking","duration":0.09331300000008014,"failureMessages":[],"meta":{},"tags":[]},{"ancestorTitles":["Main Module - Complex Integration Scenarios"],"fullName":"Main Module - Complex Integration Scenarios handles division switching mid-session","status":"passed","title":"handles division switching mid-session","duration":0.06079899999997451,"failureMessages":[],"meta":{},"tags":[]},{"ancestorTitles":["Main Module - Complex Integration Scenarios"],"fullName":"Main Module - Complex Integration Scenarios handles multiple replays with different seeds","status":"passed","title":"handles multiple replays with different seeds","duration":0.053597999999965396,"failureMessages":[],"meta":{},"tags":[]}],"startTime":1788646391286,"endTime":1788646391310.154,"status":"failed","message":"","name":"/workspaces/judokon-2600/src/main.test.ts"},{"assertionResults":[{"ancestorTitles":["State Management","createGameState"],"fullName":"State Management createGameState creates initial state with default values when no preferences are saved","status":"passed","title":"creates initial state with default values when no preferences are saved","duration":3.266202000000021,"failureMessages":[],"meta":{},"tags":[]},{"ancestorTitles":["State Management","createGameState"],"fullName":"State Management createGameState loads persisted division preference from localStorage","status":"passed","title":"loads persisted division preference from localStorage","duration":0.8610650000000533,"failureMessages":[],"meta":{},"tags":[]},{"ancestorTitles":["State Management","createGameState"],"fullName":"State Management createGameState loads persisted game mode preference from localStorage","status":"passed","title":"loads persisted game mode preference from localStorage","duration":0.4299419999999827,"failureMessages":[],"meta":{},"tags":[]},{"ancestorTitles":["State Management","createGameState"],"fullName":"State Management createGameState loads persisted weight class preference from localStorage","status":"passed","title":"loads persisted weight class preference from localStorage","duration":0.39544999999998254,"failureMessages":[],"meta":{},"tags":[]},{"ancestorTitles":["State Management","createGameState"],"fullName":"State Management createGameState loads all preferences together","status":"passed","title":"loads all preferences together","duration":0.8932120000000623,"failureMessages":[],"meta":{},"tags":[]},{"ancestorTitles":["State Management","persistPreferences"],"fullName":"State Management persistPreferences saves division preference to localStorage","status":"passed","title":"saves division preference to localStorage","duration":0.30787599999996473,"failureMessages":[],"meta":{},"tags":[]},{"ancestorTitles":["State Management","persistPreferences"],"fullName":"State Management persistPreferences saves game mode preference to localStorage","status":"passed","title":"saves game mode preference to localStorage","duration":0.2587279999999055,"failureMessages":[],"meta":{},"tags":[]},{"ancestorTitles":["State Management","persistPreferences"],"fullName":"State Management persistPreferences saves weight class preference to localStorage","status":"passed","title":"saves weight class preference to localStorage","duration":0.21051599999998416,"failureMessages":[],"meta":{},"tags":[]},{"ancestorTitles":["State Management","persistPreferences"],"fullName":"State Management persistPreferences performs round-trip preference save and load","status":"passed","title":"performs round-trip preference save and load","duration":0.3807409999999436,"failureMessages":[],"meta":{},"tags":[]},{"ancestorTitles":["State Management","clearSavedMatch"],"fullName":"State Management clearSavedMatch removes saved match from sessionStorage","status":"passed","title":"removes saved match from sessionStorage","duration":0.47110399999996844,"failureMessages":[],"meta":{},"tags":[]},{"ancestorTitles":["State Management","clearSavedMatch"],"fullName":"State Management clearSavedMatch does not throw error if no saved match exists","status":"passed","title":"does not throw error if no saved match exists","duration":0.9578179999999747,"failureMessages":[],"meta":{},"tags":[]},{"ancestorTitles":["State Management","saveGameState"],"fullName":"State Management saveGameState saves game state to sessionStorage when match exists","status":"passed","title":"saves game state to sessionStorage when match exists","duration":0.5190850000000182,"failureMessages":[],"meta":{},"tags":[]},{"ancestorTitles":["State Management","saveGameState"],"fullName":"State Management saveGameState does not save when match is null","status":"passed","title":"does not save when match is null","duration":0.21804500000007465,"failureMessages":[],"meta":{},"tags":[]},{"ancestorTitles":["State Management","saveGameState"],"fullName":"State Management saveGameState does not save when pendingStat is set (match in progress)","status":"passed","title":"does not save when pendingStat is set (match in progress)","duration":0.11964999999997872,"failureMessages":[],"meta":{},"tags":[]},{"ancestorTitles":["State Management","saveGameState"],"fullName":"State Management saveGameState saves match with empty history","status":"passed","title":"saves match with empty history","duration":0.13083300000005238,"failureMessages":[],"meta":{},"tags":[]},{"ancestorTitles":["State Management","saveGameState"],"fullName":"State Management saveGameState saves match with completed result","status":"passed","title":"saves match with completed result","duration":0.16528699999992114,"failureMessages":[],"meta":{},"tags":[]},{"ancestorTitles":["State Management","loadSavedGameState"],"fullName":"State Management loadSavedGameState returns null when no saved match exists","status":"passed","title":"returns null when no saved match exists","duration":0.25490399999989677,"failureMessages":[],"meta":{},"tags":[]},{"ancestorTitles":["State Management","loadSavedGameState"],"fullName":"State Management loadSavedGameState returns null when saved data is invalid JSON","status":"passed","title":"returns null when saved data is invalid JSON","duration":0.12899500000003172,"failureMessages":[],"meta":{},"tags":[]},{"ancestorTitles":["State Management","loadSavedGameState"],"fullName":"State Management loadSavedGameState returns null when saved data is missing required fields","status":"passed","title":"returns null when saved data is missing required fields","duration":0.24136799999996583,"failureMessages":[],"meta":{},"tags":[]},{"ancestorTitles":["State Management","loadSavedGameState"],"fullName":"State Management loadSavedGameState loads saved game state with complete data","status":"passed","title":"loads saved game state with complete data","duration":1.1287620000000516,"failureMessages":[],"meta":{},"tags":[]},{"ancestorTitles":["State Management","loadSavedGameState"],"fullName":"State Management loadSavedGameState returns partial state with null match when match not saved","status":"failed","title":"returns partial state with null match when match not saved","duration":4.406430999999998,"failureMessages":["AssertionError: expected undefined to be null\n    at /workspaces/judokon-2600/src/state.test.ts:286:29\n    at file:///workspaces/judokon-2600/node_modules/@vitest/runner/dist/chunk-artifact.js:302:11\n    at file:///workspaces/judokon-2600/node_modules/@vitest/runner/dist/chunk-artifact.js:1903:26\n    at file:///workspaces/judokon-2600/node_modules/@vitest/runner/dist/chunk-artifact.js:2326:20\n    at new Promise (<anonymous>)\n    at runWithCancel (file:///workspaces/judokon-2600/node_modules/@vitest/runner/dist/chunk-artifact.js:2323:10)\n    at file:///workspaces/judokon-2600/node_modules/@vitest/runner/dist/chunk-artifact.js:2305:20\n    at new Promise (<anonymous>)\n    at runWithTimeout (file:///workspaces/judokon-2600/node_modules/@vitest/runner/dist/chunk-artifact.js:2272:10)\n    at file:///workspaces/judokon-2600/node_modules/@vitest/runner/dist/chunk-artifact.js:2956:64"],"meta":{},"tags":[]},{"ancestorTitles":["State Management","loadSavedGameState"],"fullName":"State Management loadSavedGameState performs round-trip save and load with match data","status":"passed","title":"performs round-trip save and load with match data","duration":0.6339030000000321,"failureMessages":[],"meta":{},"tags":[]},{"ancestorTitles":["State Management","Edge cases and error handling"],"fullName":"State Management Edge cases and error handling handles very long seeds","status":"passed","title":"handles very long seeds","duration":0.3676540000000159,"failureMessages":[],"meta":{},"tags":[]},{"ancestorTitles":["State Management","Edge cases and error handling"],"fullName":"State Management Edge cases and error handling handles large draw buffers","status":"passed","title":"handles large draw buffers","duration":0.698643000000061,"failureMessages":[],"meta":{},"tags":[]},{"ancestorTitles":["State Management","Edge cases and error handling"],"fullName":"State Management Edge cases and error handling handles special characters in fighter names during serialization","status":"passed","title":"handles special characters in fighter names during serialization","duration":0.43497100000001865,"failureMessages":[],"meta":{},"tags":[]}],"startTime":1788646392119,"endTime":1788646392137.435,"status":"failed","message":"","name":"/workspaces/judokon-2600/src/state.test.ts"},{"assertionResults":[{"ancestorTitles":["BudokonClient"],"fullName":"BudokonClient requests a batch with the count and replay seed required by the API contract","status":"passed","title":"requests a batch with the count and replay seed required by the API contract","duration":5.461750999999936,"failureMessages":[],"meta":{},"tags":[]},{"ancestorTitles":["BudokonClient"],"fullName":"BudokonClient reuses an in-flight or completed deterministic draw instead of issuing another API call","status":"passed","title":"reuses an in-flight or completed deterministic draw instead of issuing another API call","duration":0.6251490000000786,"failureMessages":[],"meta":{},"tags":[]},{"ancestorTitles":["BudokonClient","rarity response validation"],"fullName":"BudokonClient rarity response validation 'valid string rarity'","status":"passed","title":"'valid string rarity'","duration":1.3751670000000331,"failureMessages":[],"meta":{},"tags":[]},{"ancestorTitles":["BudokonClient","rarity response validation"],"fullName":"BudokonClient rarity response validation 'omitted rarity'","status":"passed","title":"'omitted rarity'","duration":0.6203279999999722,"failureMessages":[],"meta":{},"tags":[]},{"ancestorTitles":["BudokonClient","rarity response validation"],"fullName":"BudokonClient rarity response validation 'invalid non-string rarity'","status":"passed","title":"'invalid non-string rarity'","duration":1.302281999999991,"failureMessages":[],"meta":{},"tags":[]},{"ancestorTitles":["BudokonClient"],"fullName":"BudokonClient constrains a draw to a requested weight class","status":"passed","title":"constrains a draw to a requested weight class","duration":0.7082249999999704,"failureMessages":[],"meta":{},"tags":[]},{"ancestorTitles":["BudokonClient"],"fullName":"BudokonClient draws one new opponent while excluding the Champion and last opponent","status":"passed","title":"draws one new opponent while excluding the Champion and last opponent","duration":1.2741720000000214,"failureMessages":[],"meta":{},"tags":[]},{"ancestorTitles":["BudokonClient","HTTP status handling"],"fullName":"BudokonClient HTTP status handling reports the Budokon status code for a non-success HTTP status","status":"passed","title":"reports the Budokon status code for a non-success HTTP status","duration":0.41104600000005576,"failureMessages":[],"meta":{},"tags":[]},{"ancestorTitles":["BudokonClient","HTTP status handling"],"fullName":"BudokonClient HTTP status handling explains when a selected division has no compatible pair","status":"passed","title":"explains when a selected division has no compatible pair","duration":0.6405739999999014,"failureMessages":[],"meta":{},"tags":[]},{"ancestorTitles":["BudokonClient","HTTP status handling"],"fullName":"BudokonClient HTTP status handling reports a generic conflict for an unfiltered draw","status":"passed","title":"reports a generic conflict for an unfiltered draw","duration":0.8323299999999563,"failureMessages":[],"meta":{},"tags":[]},{"ancestorTitles":["BudokonClient"],"fullName":"BudokonClient rejects a response that omits a battle stat","status":"passed","title":"rejects a response that omits a battle stat","duration":0.5669680000000881,"failureMessages":[],"meta":{},"tags":[]},{"ancestorTitles":["BudokonClient"],"fullName":"BudokonClient times out an unresponsive draw request","status":"passed","title":"times out an unresponsive draw request","duration":2.989117999999962,"failureMessages":[],"meta":{},"tags":[]}],"startTime":1788646393799,"endTime":1788646393815.989,"status":"passed","message":"","name":"/workspaces/judokon-2600/src/api/budokon.test.ts"},{"assertionResults":[{"ancestorTitles":["Classic Battle game engine"],"fullName":"Classic Battle game engine identifies every strongest stat for a scout report","status":"passed","title":"identifies every strongest stat for a scout report","duration":2.4696299999999383,"failureMessages":[],"meta":{},"tags":[]},{"ancestorTitles":["Classic Battle game engine"],"fullName":"Classic Battle game engine awards a point for a higher selected stat and progresses to the next match","status":"passed","title":"awards a point for a higher selected stat and progresses to the next match","duration":0.5629299999999375,"failureMessages":[],"meta":{},"tags":[]},{"ancestorTitles":["Classic Battle game engine"],"fullName":"Classic Battle game engine does not award points for a draw","status":"passed","title":"does not award points for a draw","duration":0.2758529999999837,"failureMessages":[],"meta":{},"tags":[]},{"ancestorTitles":["Classic Battle game engine"],"fullName":"Classic Battle game engine ends a match when its configured target is reached","status":"passed","title":"ends a match when its configured target is reached","duration":0.20796699999993962,"failureMessages":[],"meta":{},"tags":[]},{"ancestorTitles":["Classic Battle game engine"],"fullName":"Classic Battle game engine ends an unresolved match after the twenty-fifth played match","status":"passed","title":"ends an unresolved match after the twenty-fifth played match","duration":0.22750600000006216,"failureMessages":[],"meta":{},"tags":[]},{"ancestorTitles":["Classic Battle game engine"],"fullName":"Classic Battle game engine rejects a stat choice in the awaitingNext phase","status":"passed","title":"rejects a stat choice in the awaitingNext phase","duration":0.7117250000000013,"failureMessages":[],"meta":{},"tags":[]},{"ancestorTitles":["Classic Battle game engine"],"fullName":"Classic Battle game engine rejects a stat choice in the matchOver phase","status":"passed","title":"rejects a stat choice in the matchOver phase","duration":0.2658119999999826,"failureMessages":[],"meta":{},"tags":[]},{"ancestorTitles":["Classic Battle game engine"],"fullName":"Classic Battle game engine replaces both judoka between Classic matches","status":"passed","title":"replaces both judoka between Classic matches","duration":0.8767599999999902,"failureMessages":[],"meta":{},"tags":[]},{"ancestorTitles":["Classic Battle game engine"],"fullName":"Classic Battle game engine keeps the player's judoka and replaces the opponent in Champion mode","status":"passed","title":"keeps the player's judoka and replaces the opponent in Champion mode","duration":0.5439749999999322,"failureMessages":[],"meta":{},"tags":[]},{"ancestorTitles":["Classic Battle game engine"],"fullName":"Classic Battle game engine formats the score and identifies the most-selected decisive stat","status":"passed","title":"formats the score and identifies the most-selected decisive stat","duration":0.6175190000000157,"failureMessages":[],"meta":{},"tags":[]},{"ancestorTitles":["Classic Battle game engine"],"fullName":"Classic Battle game engine does not identify a decisive stat when selections are tied","status":"passed","title":"does not identify a decisive stat when selections are tied","duration":0.23424899999997706,"failureMessages":[],"meta":{},"tags":[]},{"ancestorTitles":["Classic Battle game engine","matchSummary best-stat ranking (README gameplay contract)"],"fullName":"Classic Battle game engine matchSummary best-stat ranking (README gameplay contract) ranks the best stat for 'a clear winner'","status":"passed","title":"ranks the best stat for 'a clear winner'","duration":0.27800700000000234,"failureMessages":[],"meta":{},"tags":[]},{"ancestorTitles":["Classic Battle game engine","matchSummary best-stat ranking (README gameplay contract)"],"fullName":"Classic Battle game engine matchSummary best-stat ranking (README gameplay contract) ranks the best stat for 'equal wins with different success rat…'","status":"passed","title":"ranks the best stat for 'equal wins with different success rat…'","duration":0.2289490000000569,"failureMessages":[],"meta":{},"tags":[]},{"ancestorTitles":["Classic Battle game engine","matchSummary best-stat ranking (README gameplay contract)"],"fullName":"Classic Battle game engine matchSummary best-stat ranking (README gameplay contract) ranks the best stat for 'a final tie resolved by displayed sta…'","status":"passed","title":"ranks the best stat for 'a final tie resolved by displayed sta…'","duration":0.2495969999999943,"failureMessages":[],"meta":{},"tags":[]},{"ancestorTitles":["Classic Battle game engine","matchSummary best-stat ranking (README gameplay contract)"],"fullName":"Classic Battle game engine matchSummary best-stat ranking (README gameplay contract) ranks the best stat for 'no wins'","status":"passed","title":"ranks the best stat for 'no wins'","duration":0.12288499999999658,"failureMessages":[],"meta":{},"tags":[]},{"ancestorTitles":["Classic Battle game engine"],"fullName":"Classic Battle game engine calculates the Champion streak from the player's wins: 'win–win'","status":"passed","title":"calculates the Champion streak from the player's wins: 'win–win'","duration":0.182186999999999,"failureMessages":[],"meta":{},"tags":[]},{"ancestorTitles":["Classic Battle game engine"],"fullName":"Classic Battle game engine calculates the Champion streak from the player's wins: 'win–loss–win'","status":"passed","title":"calculates the Champion streak from the player's wins: 'win–loss–win'","duration":0.12610799999993105,"failureMessages":[],"meta":{},"tags":[]},{"ancestorTitles":["Classic Battle game engine"],"fullName":"Classic Battle game engine calculates the Champion streak from the player's wins: 'a streak ending in a loss'","status":"passed","title":"calculates the Champion streak from the player's wins: 'a streak ending in a loss'","duration":0.1431039999999939,"failureMessages":[],"meta":{},"tags":[]},{"ancestorTitles":["Classic Battle game engine"],"fullName":"Classic Battle game engine reports a Champion run's win, loss, and draw record","status":"passed","title":"reports a Champion run's win, loss, and draw record","duration":0.19734599999992497,"failureMessages":[],"meta":{},"tags":[]},{"ancestorTitles":["Classic Battle game engine"],"fullName":"Classic Battle game engine does not expose Champion-only progress for a Classic Battle","status":"passed","title":"does not expose Champion-only progress for a Classic Battle","duration":0.10560899999995854,"failureMessages":[],"meta":{},"tags":[]}],"startTime":1788646395400,"endTime":1788646395409.1973,"status":"passed","message":"","name":"/workspaces/judokon-2600/src/game/game.test.ts"},{"assertionResults":[{"ancestorTitles":["saved matches"],"fullName":"saved matches round-trips an active match, result history, and prefetched judoka","status":"passed","title":"round-trips an active match, result history, and prefetched judoka","duration":2.8484320000000025,"failureMessages":[],"meta":{},"tags":[]},{"ancestorTitles":["saved matches"],"fullName":"saved matches rejects 'malformed JSON'","status":"passed","title":"rejects 'malformed JSON'","duration":0.2947709999999688,"failureMessages":[],"meta":{},"tags":[]},{"ancestorTitles":["saved matches"],"fullName":"saved matches rejects 'unsupported version'","status":"passed","title":"rejects 'unsupported version'","duration":0.17888000000004922,"failureMessages":[],"meta":{},"tags":[]},{"ancestorTitles":["saved matches"],"fullName":"saved matches rejects 'invalid match'","status":"passed","title":"rejects 'invalid match'","duration":0.1384769999999662,"failureMessages":[],"meta":{},"tags":[]},{"ancestorTitles":["saved matches"],"fullName":"saved matches rejects 'invalid history item'","status":"passed","title":"rejects 'invalid history item'","duration":0.1770810000000438,"failureMessages":[],"meta":{},"tags":[]},{"ancestorTitles":["saved matches"],"fullName":"saved matches rejects 'invalid seed'","status":"passed","title":"rejects 'invalid seed'","duration":0.14998100000002523,"failureMessages":[],"meta":{},"tags":[]},{"ancestorTitles":["saved matches"],"fullName":"saved matches rejects 'invalid weight'","status":"passed","title":"rejects 'invalid weight'","duration":0.16236299999991388,"failureMessages":[],"meta":{},"tags":[]},{"ancestorTitles":["saved matches"],"fullName":"saved matches rejects 'invalid draw-buffer judoka'","status":"passed","title":"rejects 'invalid draw-buffer judoka'","duration":0.11855100000002494,"failureMessages":[],"meta":{},"tags":[]},{"ancestorTitles":["saved matches"],"fullName":"saved matches rejects 'null storage input'","status":"passed","title":"rejects 'null storage input'","duration":0.15093899999999394,"failureMessages":[],"meta":{},"tags":[]},{"ancestorTitles":["saved matches"],"fullName":"saved matches rejects 'empty storage input'","status":"passed","title":"rejects 'empty storage input'","duration":0.17820099999994454,"failureMessages":[],"meta":{},"tags":[]}],"startTime":1788646394604,"endTime":1788646394609.1782,"status":"passed","message":"","name":"/workspaces/judokon-2600/src/game/session.test.ts"},{"assertionResults":[{"ancestorTitles":["radioChoice"],"fullName":"radioChoice renders a mutually exclusive choice with a native radio control and shortcut hint","status":"passed","title":"renders a mutually exclusive choice with a native radio control and shortcut hint","duration":1.7574609999999211,"failureMessages":[],"meta":{},"tags":[]},{"ancestorTitles":["buttonChoice"],"fullName":"buttonChoice exposes selected and strongest as independent states","status":"passed","title":"exposes selected and strongest as independent states","duration":0.947086000000013,"failureMessages":[],"meta":{},"tags":[]},{"ancestorTitles":["shared UI primitives"],"fullName":"shared UI primitives renders a labelled surface with caller-provided variants","status":"passed","title":"renders a labelled surface with caller-provided variants","duration":0.5895970000000261,"failureMessages":[],"meta":{},"tags":[]},{"ancestorTitles":["shared UI primitives"],"fullName":"shared UI primitives renders the advanced control as an accessible disclosure","status":"passed","title":"renders the advanced control as an accessible disclosure","duration":0.2804689999999255,"failureMessages":[],"meta":{},"tags":[]},{"ancestorTitles":["shared UI primitives"],"fullName":"shared UI primitives renders a full-row labelled toggle","status":"passed","title":"renders a full-row labelled toggle","duration":0.24675500000000739,"failureMessages":[],"meta":{},"tags":[]}],"startTime":1788646396222,"endTime":1788646396226.2805,"status":"passed","message":"","name":"/workspaces/judokon-2600/src/ui/controls.test.ts"},{"assertionResults":[{"ancestorTitles":["Event Handlers","handleClickEvent"],"fullName":"Event Handlers handleClickEvent invokes start handler when #start button is clicked","status":"passed","title":"invokes start handler when #start button is clicked","duration":10.514391000000046,"failureMessages":[],"meta":{},"tags":[]},{"ancestorTitles":["Event Handlers","handleClickEvent"],"fullName":"Event Handlers handleClickEvent invokes start handler when #replay button is clicked","status":"passed","title":"invokes start handler when #replay button is clicked","duration":1.0062090000000126,"failureMessages":[],"meta":{},"tags":[]},{"ancestorTitles":["Event Handlers","handleClickEvent"],"fullName":"Event Handlers handleClickEvent invokes resolve handler when button with data-stat attribute is clicked","status":"passed","title":"invokes resolve handler when button with data-stat attribute is clicked","duration":2.7182430000000295,"failureMessages":[],"meta":{},"tags":[]},{"ancestorTitles":["Event Handlers","handleClickEvent"],"fullName":"Event Handlers handleClickEvent invokes next handler when #next button is clicked and match exists","status":"passed","title":"invokes next handler when #next button is clicked and match exists","duration":1.3131449999999631,"failureMessages":[],"meta":{},"tags":[]},{"ancestorTitles":["Event Handlers","handleClickEvent"],"fullName":"Event Handlers handleClickEvent invokes clearAndExit handler when #quit button is clicked","status":"passed","title":"invokes clearAndExit handler when #quit button is clicked","duration":0.717689000000064,"failureMessages":[],"meta":{},"tags":[]},{"ancestorTitles":["Event Handlers","handleClickEvent"],"fullName":"Event Handlers handleClickEvent ignores disabled buttons","status":"passed","title":"ignores disabled buttons","duration":0.9481240000000071,"failureMessages":[],"meta":{},"tags":[]},{"ancestorTitles":["Event Handlers","handleChangeEvent"],"fullName":"Event Handlers handleChangeEvent updates state.division when division radio changes to weight","status":"passed","title":"updates state.division when division radio changes to weight","duration":15.343545000000063,"failureMessages":[],"meta":{},"tags":[]},{"ancestorTitles":["Event Handlers","handleChangeEvent"],"fullName":"Event Handlers handleChangeEvent updates state.mode when mode radio changes to champion","status":"passed","title":"updates state.mode when mode radio changes to champion","duration":1.8836300000000392,"failureMessages":[],"meta":{},"tags":[]},{"ancestorTitles":["Event Handlers","handleChangeEvent"],"fullName":"Event Handlers handleChangeEvent updates state.replaySeed when replay-seed input changes","status":"passed","title":"updates state.replaySeed when replay-seed input changes","duration":0.9378239999999778,"failureMessages":[],"meta":{},"tags":[]},{"ancestorTitles":["Event Handlers","handleChangeEvent"],"fullName":"Event Handlers handleChangeEvent invokes setSoundEnabled when sound-enabled checkbox is toggled","status":"passed","title":"invokes setSoundEnabled when sound-enabled checkbox is toggled","duration":1.0697080000001051,"failureMessages":[],"meta":{},"tags":[]},{"ancestorTitles":["Event Handlers","handleToggleEvent"],"fullName":"Event Handlers handleToggleEvent updates accessibility labels on details element toggle","status":"passed","title":"updates accessibility labels on details element toggle","duration":6.262884999999983,"failureMessages":[],"meta":{},"tags":[]},{"ancestorTitles":["Event Handlers","handleToggleEvent"],"fullName":"Event Handlers handleToggleEvent sets correct label when details element is closed","status":"passed","title":"sets correct label when details element is closed","duration":0.9730410000000802,"failureMessages":[],"meta":{},"tags":[]},{"ancestorTitles":["Event Handlers","handleIntroKeyboard"],"fullName":"Event Handlers handleIntroKeyboard handles number key 1 to select 3-point match","status":"passed","title":"handles number key 1 to select 3-point match","duration":0.7327559999999949,"failureMessages":[],"meta":{},"tags":[]},{"ancestorTitles":["Event Handlers","handleIntroKeyboard"],"fullName":"Event Handlers handleIntroKeyboard handles number key 2 to select 5-point match","status":"passed","title":"handles number key 2 to select 5-point match","duration":0.36205900000004476,"failureMessages":[],"meta":{},"tags":[]},{"ancestorTitles":["Event Handlers","handleIntroKeyboard"],"fullName":"Event Handlers handleIntroKeyboard handles number key 3 to select 10-point match","status":"passed","title":"handles number key 3 to select 10-point match","duration":0.397542000000044,"failureMessages":[],"meta":{},"tags":[]},{"ancestorTitles":["Event Handlers","handleIntroKeyboard"],"fullName":"Event Handlers handleIntroKeyboard handles ArrowLeft to cycle to previous match length","status":"passed","title":"handles ArrowLeft to cycle to previous match length","duration":0.39427599999999074,"failureMessages":[],"meta":{},"tags":[]},{"ancestorTitles":["Event Handlers","handleIntroKeyboard"],"fullName":"Event Handlers handleIntroKeyboard handles ArrowRight to cycle to next match length","status":"passed","title":"handles ArrowRight to cycle to next match length","duration":0.32528899999999794,"failureMessages":[],"meta":{},"tags":[]},{"ancestorTitles":["Event Handlers","handleIntroKeyboard"],"fullName":"Event Handlers handleIntroKeyboard cycles arrow keys correctly (10 to 3)","status":"passed","title":"cycles arrow keys correctly (10 to 3)","duration":0.34630299999992076,"failureMessages":[],"meta":{},"tags":[]},{"ancestorTitles":["Event Handlers","handleIntroKeyboard"],"fullName":"Event Handlers handleIntroKeyboard handles Enter key to start match","status":"passed","title":"handles Enter key to start match","duration":0.26455600000008417,"failureMessages":[],"meta":{},"tags":[]},{"ancestorTitles":["Event Handlers","handleMatchKeyboard"],"fullName":"Event Handlers handleMatchKeyboard returns early if no match exists","status":"passed","title":"returns early if no match exists","duration":0.35345099999995,"failureMessages":[],"meta":{},"tags":[]},{"ancestorTitles":["Event Handlers","handleMatchKeyboard"],"fullName":"Event Handlers handleMatchKeyboard handles number keys 1-5 during selecting phase","status":"passed","title":"handles number keys 1-5 during selecting phase","duration":0.6235110000000077,"failureMessages":[],"meta":{},"tags":[]},{"ancestorTitles":["Event Handlers","handleMatchKeyboard"],"fullName":"Event Handlers handleMatchKeyboard ignores number keys during non-selecting phases","status":"passed","title":"ignores number keys during non-selecting phases","duration":0.2232490000000098,"failureMessages":[],"meta":{},"tags":[]},{"ancestorTitles":["Event Handlers","handleMatchKeyboard"],"fullName":"Event Handlers handleMatchKeyboard handles Enter key during awaitingNext phase","status":"passed","title":"handles Enter key during awaitingNext phase","duration":1.8127609999999095,"failureMessages":[],"meta":{},"tags":[]},{"ancestorTitles":["Event Handlers","handleMatchKeyboard"],"fullName":"Event Handlers handleMatchKeyboard handles Escape key to quit match","status":"passed","title":"handles Escape key to quit match","duration":0.7185060000000476,"failureMessages":[],"meta":{},"tags":[]}],"startTime":1788646392962,"endTime":1788646393012.7185,"status":"passed","message":"","name":"/workspaces/judokon-2600/src/ui/eventHandlers.test.ts"}]}